SF:lib/core/errors/exceptions.dart
DA:2,2
DA:9,0
DA:11,0
DA:16,2
DA:20,2
LF:5
LH:3
end_of_record
SF:lib/data/datasources/people_remote_datasource.dart
DA:16,1
DA:21,1
DA:22,2
DA:24,2
DA:25,2
DA:27,1
DA:32,1
DA:33,2
DA:35,2
DA:36,2
DA:38,1
DA:43,1
DA:44,2
DA:46,2
DA:47,2
DA:49,1
DA:54,1
DA:55,2
DA:57,2
DA:58,2
DA:60,1
DA:64,1
DA:65,4
LF:23
LH:23
end_of_record
SF:lib/data/models/people_response.dart
DA:5,4
DA:6,8
DA:9,4
DA:16,8
DA:17,4
DA:18,4
DA:19,4
DA:20,4
DA:21,16
DA:30,1
DA:31,1
DA:32,1
DA:33,1
DA:34,1
DA:35,1
DA:40,4
DA:59,8
DA:60,4
DA:61,4
DA:62,4
DA:63,4
DA:64,4
DA:65,4
DA:66,4
DA:67,4
DA:68,16
DA:69,16
DA:70,16
DA:71,16
DA:72,8
DA:73,8
DA:74,4
DA:95,2
DA:96,2
DA:97,2
DA:98,2
DA:99,2
DA:100,2
DA:101,2
DA:102,2
DA:103,2
DA:104,2
DA:105,2
DA:106,2
DA:107,2
DA:108,2
DA:109,2
DA:110,2
DA:111,2
DA:112,2
LF:50
LH:50
end_of_record
SF:lib/data/models/planet.dart
DA:5,6
DA:8,2
DA:12,4
DA:13,2
DA:18,1
DA:19,2
LF:6
LH:6
end_of_record
SF:lib/data/models/specie.dart
DA:5,6
DA:8,5
DA:12,4
DA:13,2
DA:18,1
DA:19,2
LF:6
LH:6
end_of_record
SF:lib/data/models/vehicle.dart
DA:5,6
DA:8,2
DA:12,4
DA:13,2
DA:18,1
DA:19,2
LF:6
LH:6
end_of_record
SF:lib/core/errors/failure.dart
DA:5,3
DA:11,0
DA:12,0
DA:16,3
DA:19,0
DA:21,0
DA:22,0
DA:23,0
DA:24,0
DA:27,3
LF:10
LH:3
end_of_record
SF:lib/data/repositories/people_repository_impl.dart
DA:13,1
DA:20,1
DA:22,3
DA:24,4
DA:25,2
DA:26,4
DA:27,2
DA:29,5
DA:30,3
DA:31,3
DA:33,1
DA:34,2
DA:35,3
DA:36,2
DA:38,3
DA:41,1
DA:42,1
DA:43,2
DA:44,0
DA:45,0
DA:46,0
DA:47,0
LF:22
LH:18
end_of_record
SF:lib/domain/use_cases/get_people_from_server.dart
DA:7,1
DA:11,1
DA:12,2
LF:3
LH:3
end_of_record
SF:lib/presentation/bloc/people_state.dart
DA:4,1
DA:6,1
DA:7,1
DA:15,1
DA:19,1
DA:20,2
DA:24,1
DA:28,1
DA:29,2
DA:33,1
DA:37,1
DA:38,2
LF:12
LH:12
end_of_record
SF:lib/presentation/bloc/people_cubit.dart
DA:9,3
DA:16,1
DA:17,2
DA:18,2
DA:20,3
DA:22,4
DA:24,2
DA:25,2
DA:26,1
DA:27,3
DA:28,1
DA:29,3
DA:30,2
DA:31,3
LF:14
LH:14
end_of_record
